[www.konjoe.com/index.html]
[backblue.gif]
[fade.gif]
[index.html]
[static1.squarespace.com/static/54c8619de4b0723be33465b7/t/5560df6de4b0869396eb7abc/1432412054657/konjoe+only26f7.png]
[assets.squarespace.com/universal/styles-compressed/commerce-7e1f0c01f1058c944652b6e553c33629-min.css]
[use.typekit.net/ik/_oHb5ye4w2hokL4tx5ndojgWGP-9vEedKF-VTIJ7NT9fen6gfFHN4UJLFRbh52jhWD9XjD6hwQ8qZQsKw2Skwh48wDwXFRmKFUTUHKonjWbldeNkO1FUiABkZWF3jAF8OcFzdPUnjWbldeNkO1FUiABkZWF3jAF8OcFzdPUndho7dh90jh]
[static1.squarespace.com/static/sitecss/54c8619de4b0723be33465b7/71/507c1fdf84ae362b5e7be44e/54c8619de4b0723be33465bf/2143-05142015/1523124468510/site8696.css]
[connect.facebook.net/en_US/fbevents.js]
[assets.squarespace.com/universal/scripts-compressed/performance-7d16fe875b075d873fb2-min.en-US.js]
[www.konjoe.com/burgerbarmonticello.html]
[www.konjoe.com/burgerbarspsm.html]
[www.konjoe.com/catering.html]
[www.konjoe.com/about.html]
[www.konjoe.com/contact.html]
[www.konjoe.com/index.html]
[static1.squarespace.com/static/ta/507c1fdb84ae362b5e7be351/2143/scripts/combo/index4be1.html]
[assets.squarespace.com/universal/scripts-compressed/commerce-d167e2b4be54342cf27f-min.en-US.js]
[assets.squarespace.com/universal/scripts-compressed/common-a9541130babc4e71950c-min.en-US.js]
[assets.squarespace.com/universal/images-v6/standard/icon_close_7_light.png]
[assets.squarespace.com/universal/images-v6/damask/cart-16-light.png]
[assets.squarespace.com/universal/images-v6/damask/cart-32-light.png]
[assets.squarespace.com/universal/images-v6/icons/icon-cart-18-dark.png]
[assets.squarespace.com/universal/styles-compressed/commerce-7e1f0c01f1058c944652b6e553c33629-min.css]
[assets.squarespace.com/universal/images-v6/damask/error-dark.png]
[assets.squarespace.com/universal/images-v6/damask/error-dark@2x.png]
[assets.squarespace.com/universal/images-v6/damask/play-button.png]
[assets.squarespace.com/universal/images-v6/damask/play-button@2x.png]
[static1.squarespace.com/static/sitecss/54c8619de4b0723be33465b7/71/507c1fdf84ae362b5e7be44e/54c8619de4b0723be33465bf/2143-05142015/1523124468510/gallery-play-big.css]
[assets.squarespace.com/universal/images-v6/damask/edit-aviary-light.png]
[assets.squarespace.com/universal/images-v6/damask/edit-aviary-light@2x.png]
[assets.squarespace.com/universal/images-v6/damask/edit-info-light.png]
[assets.squarespace.com/universal/images-v6/damask/edit-info-light@2x.png]
[assets.squarespace.com/universal/images-v6/damask/trash-9-light.png]
[assets.squarespace.com/universal/images-v6/damask/trash-9-light@2x.png]
[static1.squarespace.com/static/sitecss/54c8619de4b0723be33465b7/71/507c1fdf84ae362b5e7be44e/54c8619de4b0723be33465bf/2143-05142015/1523124468510/gallery-play-big@2x.css]
[assets.squarespace.com/universal/images-v6/damask/trash-9-red.png]
[assets.squarespace.com/universal/images-v6/damask/trash-9-red@2x.png]
[assets.squarespace.com/universal/images-v6/damask/getty-16-light.png]
[assets.squarespace.com/universal/images-v6/damask/getty-32-light.png]
[assets.squarespace.com/universal/images-v6/damask/shopping-cart-16-light.png]
[assets.squarespace.com/universal/images-v6/damask/shopping-cart-32-light.png]
[static1.squarespace.com/universal/images-v6/icons/block-indicator-dark.png]
[static1.squarespace.com/universal/images-v6/icons/block-indicator-dark@2x.png]
[static1.squarespace.com/universal/images-v6/icons/opentable-icons.png]
[static1.squarespace.com/universal/images-v6/icons/icon-searchqueries-20-dark.png]
[static1.squarespace.com/universal/images-v6/icons/icon-searchqueries-20-light.png]
[assets.squarespace.com/universal/images-v6/icons/icon-video-24-light-solid.png]
[static1.squarespace.com/universal/images-v6/damask/image-inside-64-dark.png]
[static1.squarespace.com/universal/images-v6/damask/image-inside-128-dark.png]
[assets.squarespace.com/universal/images-v6/icons/icon-settings-16-light.png]
[static1.squarespace.com/static/ta/507c1fdb84ae362b5e7be351/2118/assets/default-bg-image.jpg]
[static1.squarespace.com/static/ta/507c1fdb84ae362b5e7be351/2118/assets/alt-bg-image.jpg]
[static1.squarespace.com/static/54c8619de4b0723be33465b7/t/5ac907a403ce649b2a162269/1523124136715/KONJOE_EP0024.jpg]
[static1.squarespace.com/static/54c8619de4b0723be33465b7/t/5ac9069ff950b74252e12c93/1523123875605/KONJOE_EP0024.jpg]
[static1.squarespace.com/static/sitecss/54c8619de4b0723be33465b7/71/507c1fdf84ae362b5e7be44e/54c8619de4b0723be33465bf/2143-05142015/1523124468510/site8696.css]
[www.konjoe.com/POST.30.delayed]
[connect.facebook.net/en_US/fbevents.js]
[static1.squarespace.com/static/54c8619de4b0723be33465b7/t/5a336697085229e36d991c71/1504739881456/Screen+Shot+2017-09-06+at+4.17.17+PM.png]
[www.konjoe.com/burgerbarmonticello.html]
[static1.squarespace.com/static/54c8619de4b0723be33465b7/t/59b0821dd7bdcec266f9b7e8/1513318039721/Screen+Shot+2017-09-06+at+4.17.17+PM.png]
[www.konjoe.com/burgerbarspsm.html]
[www.konjoe.com/catering.html]
[www.konjoe.com/about.html]
[www.konjoe.com/contact.html]
[static1.squarespace.com/static/sitecss/54c8619de4b0723be33465b7/71/507c1fdf84ae362b5e7be44e/54c8619de4b0723be33465bf/2143-05142015/1523124468510/gallery-play-big.css]
[static1.squarespace.com/static/sitecss/54c8619de4b0723be33465b7/71/507c1fdf84ae362b5e7be44e/54c8619de4b0723be33465bf/2143-05142015/1523124468510/gallery-play-big@2x.css]
[www.konjoe.com/POST.html]
